# JRE version: Java(TM) SE Runtime Environment (8.0_91-b14) (build 1.8.0_91-b14)
# Java VM: Java HotSpot(TM) 64-Bit Server VM (25.91-b14 mixed mode linux-amd64 compressed oops)
Heap:
 PSYoungGen      total 1960960K, used 11216K [0x0000000743000000, 0x00000007bfa80000, 0x00000007c0000000)
  eden space 1885696K, 0% used [0x0000000743000000,0x0000000743af4300,0x00000007b6180000)
  from space 75264K, 0% used [0x00000007baa00000,0x00000007baa00000,0x00000007bf380000)
  to   space 74240K, 0% used [0x00000007b6180000,0x00000007b6180000,0x00000007baa00000)
 ParOldGen       total 757760K, used 263238K [0x0000000649000000, 0x0000000677400000, 0x0000000743000000)
  object space 757760K, 34% used [0x0000000649000000,0x0000000659111a30,0x0000000677400000)
 Metaspace       used 47438K, capacity 51062K, committed 129152K, reserved 1097728K
  class space    used 5760K, capacity 8864K, committed 80512K, reserved 1048576K
GC Heap History (10 events):
Event: 103,733 GC heap before
{Heap before GC invocations=30 (full 5):
 PSYoungGen      total 1890304K, used 1810272K [0x0000000743000000, 0x00000007bc180000, 0x00000007c0000000)
  eden space 1794560K, 100% used [0x0000000743000000,0x00000007b0880000,0x00000007b0880000)
  from space 95744K, 16% used [0x00000007b6100000,0x00000007b7058000,0x00000007bbe80000)
  to   space 90624K, 0% used [0x00000007b0880000,0x00000007b0880000,0x00000007b6100000)
 ParOldGen       total 655360K, used 235688K [0x0000000649000000, 0x0000000671000000, 0x0000000743000000)
  object space 655360K, 35% used [0x0000000649000000,0x000000065762a1b0,0x0000000671000000)
 Metaspace       used 56396K, capacity 102830K, committed 102912K, reserved 1097728K
  class space    used 11291K, capacity 55240K, committed 55296K, reserved 1048576K
Event: 103,749 GC heap after
Heap after GC invocations=30 (full 5):
 PSYoungGen      total 1885184K, used 21648K [0x0000000743000000, 0x00000007bef00000, 0x00000007c0000000)
  eden space 1794560K, 0% used [0x0000000743000000,0x0000000743000000,0x00000007b0880000)
  from space 90624K, 23% used [0x00000007b0880000,0x00000007b1da4010,0x00000007b6100000)
  to   space 84480K, 0% used [0x00000007b9c80000,0x00000007b9c80000,0x00000007bef00000)
 ParOldGen       total 655360K, used 235688K [0x0000000649000000, 0x0000000671000000, 0x0000000743000000)
  object space 655360K, 35% used [0x0000000649000000,0x000000065762a1b0,0x0000000671000000)
 Metaspace       used 56396K, capacity 102830K, committed 102912K, reserved 1097728K
  class space    used 11291K, capacity 55240K, committed 55296K, reserved 1048576K
}
Event: 105,937 GC heap before
{Heap before GC invocations=31 (full 5):
 PSYoungGen      total 1885184K, used 1816208K [0x0000000743000000, 0x00000007bef00000, 0x00000007c0000000)
  eden space 1794560K, 100% used [0x0000000743000000,0x00000007b0880000,0x00000007b0880000)
  from space 90624K, 23% used [0x00000007b0880000,0x00000007b1da4010,0x00000007b6100000)
  to   space 84480K, 0% used [0x00000007b9c80000,0x00000007b9c80000,0x00000007bef00000)
 ParOldGen       total 655360K, used 235688K [0x0000000649000000, 0x0000000671000000, 0x0000000743000000)
  object space 655360K, 35% used [0x0000000649000000,0x000000065762a1b0,0x0000000671000000)
 Metaspace       used 58032K, capacity 112292K, committed 112384K, reserved 1097728K
  class space    used 12301K, capacity 63706K, committed 63744K, reserved 1048576K
Event: 105,954 GC heap after
Heap after GC invocations=31 (full 5):
 PSYoungGen      total 1951744K, used 25280K [0x0000000743000000, 0x00000007bef00000, 0x00000007c0000000)
  eden space 1867264K, 0% used [0x0000000743000000,0x0000000743000000,0x00000007b4f80000)
  from space 84480K, 29% used [0x00000007b9c80000,0x00000007bb530000,0x00000007bef00000)
  to   space 78848K, 0% used [0x00000007b4f80000,0x00000007b4f80000,0x00000007b9c80000)
 ParOldGen       total 655360K, used 235688K [0x0000000649000000, 0x0000000671000000, 0x0000000743000000)
  object space 655360K, 35% used [0x0000000649000000,0x000000065762a1b0,0x0000000671000000)
 Metaspace       used 58032K, capacity 112292K, committed 112384K, reserved 1097728K
  class space    used 12301K, capacity 63706K, committed 63744K, reserved 1048576K
}
Event: 108,111 GC heap before
{Heap before GC invocations=32 (full 5):
 PSYoungGen      total 1951744K, used 1892544K [0x0000000743000000, 0x00000007bef00000, 0x00000007c0000000)
  eden space 1867264K, 100% used [0x0000000743000000,0x00000007b4f80000,0x00000007b4f80000)
  from space 84480K, 29% used [0x00000007b9c80000,0x00000007bb530000,0x00000007bef00000)
  to   space 78848K, 0% used [0x00000007b4f80000,0x00000007b4f80000,0x00000007b9c80000)
 ParOldGen       total 655360K, used 235688K [0x0000000649000000, 0x0000000671000000, 0x0000000743000000)
  object space 655360K, 35% used [0x0000000649000000,0x000000065762a1b0,0x0000000671000000)
 Metaspace       used 59396K, capacity 120222K, committed 120448K, reserved 1099776K
  class space    used 13140K, capacity 70744K, committed 70784K, reserved 1048576K
Event: 108,132 GC heap after
Heap after GC invocations=32 (full 5):
 PSYoungGen      total 1946112K, used 30032K [0x0000000743000000, 0x00000007bf380000, 0x00000007c0000000)
  eden space 1867264K, 0% used [0x0000000743000000,0x0000000743000000,0x00000007b4f80000)
  from space 78848K, 38% used [0x00000007b4f80000,0x00000007b6cd4010,0x00000007b9c80000)
  to   space 75264K, 0% used [0x00000007baa00000,0x00000007baa00000,0x00000007bf380000)
 ParOldGen       total 655360K, used 235696K [0x0000000649000000, 0x0000000671000000, 0x0000000743000000)
  object space 655360K, 35% used [0x0000000649000000,0x000000065762c1b0,0x0000000671000000)
 Metaspace       used 59396K, capacity 120222K, committed 120448K, reserved 1099776K
  class space    used 13140K, capacity 70744K, committed 70784K, reserved 1048576K
}
Event: 110,305 GC heap before
{Heap before GC invocations=33 (full 5):
 PSYoungGen      total 1946112K, used 1849116K [0x0000000743000000, 0x00000007bf380000, 0x00000007c0000000)
  eden space 1867264K, 97% used [0x0000000743000000,0x00000007b2073080,0x00000007b4f80000)
  from space 78848K, 38% used [0x00000007b4f80000,0x00000007b6cd4010,0x00000007b9c80000)
  to   space 75264K, 0% used [0x00000007baa00000,0x00000007baa00000,0x00000007bf380000)
 ParOldGen       total 655360K, used 235696K [0x0000000649000000, 0x0000000671000000, 0x0000000743000000)
  object space 655360K, 35% used [0x0000000649000000,0x000000065762c1b0,0x0000000671000000)
 Metaspace       used 61284K, capacity 131134K, committed 131200K, reserved 1099776K
  class space    used 14304K, capacity 80504K, committed 80512K, reserved 1048576K
Event: 110,328 GC heap after
Heap after GC invocations=33 (full 5):
 PSYoungGen      total 1960960K, used 35536K [0x0000000743000000, 0x00000007bfa80000, 0x00000007c0000000)
  eden space 1885696K, 0% used [0x0000000743000000,0x0000000743000000,0x00000007b6180000)
  from space 75264K, 47% used [0x00000007baa00000,0x00000007bccb4010,0x00000007bf380000)
  to   space 74240K, 0% used [0x00000007b6180000,0x00000007b6180000,0x00000007baa00000)
 ParOldGen       total 655360K, used 235696K [0x0000000649000000, 0x0000000671000000, 0x0000000743000000)
  object space 655360K, 35% used [0x0000000649000000,0x000000065762c1b0,0x0000000671000000)
 Metaspace       used 61284K, capacity 131134K, committed 131200K, reserved 1099776K
  class space    used 14304K, capacity 80504K, committed 80512K, reserved 1048576K
}
Event: 110,328 GC heap before
{Heap before GC invocations=34 (full 6):
 PSYoungGen      total 1960960K, used 35536K [0x0000000743000000, 0x00000007bfa80000, 0x00000007c0000000)
  eden space 1885696K, 0% used [0x0000000743000000,0x0000000743000000,0x00000007b6180000)
  from space 75264K, 47% used [0x00000007baa00000,0x00000007bccb4010,0x00000007bf380000)
  to   space 74240K, 0% used [0x00000007b6180000,0x00000007b6180000,0x00000007baa00000)
 ParOldGen       total 655360K, used 235696K [0x0000000649000000, 0x0000000671000000, 0x0000000743000000)
  object space 655360K, 35% used [0x0000000649000000,0x000000065762c1b0,0x0000000671000000)
 Metaspace       used 61284K, capacity 131134K, committed 131200K, reserved 1099776K
  class space    used 14304K, capacity 80504K, committed 80512K, reserved 1048576K
Event: 110,703 GC heap after
Heap after GC invocations=34 (full 6):
 PSYoungGen      total 1960960K, used 0K [0x0000000743000000, 0x00000007bfa80000, 0x00000007c0000000)
  eden space 1885696K, 0% used [0x0000000743000000,0x0000000743000000,0x00000007b6180000)
  from space 75264K, 0% used [0x00000007baa00000,0x00000007baa00000,0x00000007bf380000)
  to   space 74240K, 0% used [0x00000007b6180000,0x00000007b6180000,0x00000007baa00000)
 ParOldGen       total 757760K, used 263238K [0x0000000649000000, 0x0000000677400000, 0x0000000743000000)
  object space 757760K, 34% used [0x0000000649000000,0x0000000659111a30,0x0000000677400000)
 Metaspace       used 47434K, capacity 51030K, committed 129152K, reserved 1097728K
  class space    used 5756K, capacity 8832K, committed 80512K, reserved 1048576K
}

