# JRE version: Java(TM) SE Runtime Environment (8.0_25-b18) (build 1.8.0_25-b18)
# Java VM: Java HotSpot(TM) 64-Bit Server VM (25.25-b02 mixed mode windows-amd64 compressed oops)
Heap:
 PSYoungGen      total 3096064K, used 49050K [0x00000006c6000000, 0x00000007c0000000, 0x00000007c0000000)
  eden space 2166784K, 2% used [0x00000006c6000000,0x00000006c8fe6908,0x000000074a400000)
  from space 929280K, 0% used [0x0000000781c80000,0x0000000781c80000,0x00000007ba800000)
  to   space 909824K, 0% used [0x000000074a400000,0x000000074a400000,0x0000000781c80000)
 ParOldGen       total 2965504K, used 2204503K [0x00000004d2000000, 0x0000000587000000, 0x00000006c6000000)
  object space 2965504K, 74% used [0x00000004d2000000,0x00000005588d5f78,0x0000000587000000)
 Metaspace       used 46271K, capacity 53222K, committed 231212K, reserved 1099776K
  class space    used 5979K, capacity 12265K, committed 180564K, reserved 1048576K
GC Heap History (10 events):
Event: 265.530 GC heap before
{Heap before GC invocations=121 (full 10):
 PSYoungGen      total 3111424K, used 2853162K [0x00000006c6000000, 0x00000007c0000000, 0x00000007c0000000)
  eden space 2180096K, 100% used [0x00000006c6000000,0x000000074b100000,0x000000074b100000)
  from space 931328K, 72% used [0x0000000787280000,0x00000007b03caa40,0x00000007c0000000)
  to   space 957952K, 0% used [0x000000074b100000,0x000000074b100000,0x0000000785880000)
 ParOldGen       total 2923008K, used 2173074K [0x00000004d2000000, 0x0000000584680000, 0x00000006c6000000)
  object space 2923008K, 74% used [0x00000004d2000000,0x0000000556a24ac0,0x0000000584680000)
 Metaspace       used 77095K, capacity 231428K, committed 231640K, reserved 1110016K
  class space    used 24993K, capacity 171693K, committed 171776K, reserved 1048576K
Event: 265.823 GC heap after
Heap after GC invocations=121 (full 10):
 PSYoungGen      total 2855936K, used 675338K [0x00000006c6000000, 0x00000007c0000000, 0x00000007c0000000)
  eden space 2180096K, 0% used [0x00000006c6000000,0x00000006c6000000,0x000000074b100000)
  from space 675840K, 99% used [0x000000074b100000,0x0000000774482bd0,0x0000000774500000)
  to   space 976896K, 0% used [0x0000000784600000,0x0000000784600000,0x00000007c0000000)
 ParOldGen       total 2923008K, used 2173074K [0x00000004d2000000, 0x0000000584680000, 0x00000006c6000000)
  object space 2923008K, 74% used [0x00000004d2000000,0x0000000556a24ac0,0x0000000584680000)
 Metaspace       used 77095K, capacity 231428K, committed 231640K, reserved 1110016K
  class space    used 24993K, capacity 171693K, committed 171776K, reserved 1048576K
}
Event: 266.642 GC heap before
{Heap before GC invocations=122 (full 10):
 PSYoungGen      total 2855936K, used 1256234K [0x00000006c6000000, 0x00000007c0000000, 0x00000007c0000000)
  eden space 2180096K, 26% used [0x00000006c6000000,0x00000006e9747ef0,0x000000074b100000)
  from space 675840K, 99% used [0x000000074b100000,0x0000000774482bd0,0x0000000774500000)
  to   space 976896K, 0% used [0x0000000784600000,0x0000000784600000,0x00000007c0000000)
 ParOldGen       total 2923008K, used 2173074K [0x00000004d2000000, 0x0000000584680000, 0x00000006c6000000)
  object space 2923008K, 74% used [0x00000004d2000000,0x0000000556a24ac0,0x0000000584680000)
 Metaspace       used 78685K, capacity 240624K, committed 240916K, reserved 1110016K
  class space    used 25974K, capacity 179921K, committed 180028K, reserved 1048576K
Event: 266.992 GC heap after
Heap after GC invocations=122 (full 10):
 PSYoungGen      total 3124224K, used 627161K [0x00000006c6000000, 0x00000007c0000000, 0x00000007c0000000)
  eden space 2147328K, 0% used [0x00000006c6000000,0x00000006c6000000,0x0000000749100000)
  from space 976896K, 64% used [0x0000000784600000,0x00000007aaa76750,0x00000007c0000000)
  to   space 971776K, 0% used [0x0000000749100000,0x0000000749100000,0x0000000784600000)
 ParOldGen       total 2923008K, used 2222871K [0x00000004d2000000, 0x0000000584680000, 0x00000006c6000000)
  object space 2923008K, 76% used [0x00000004d2000000,0x0000000559ac5f30,0x0000000584680000)
 Metaspace       used 78685K, capacity 240624K, committed 240916K, reserved 1110016K
  class space    used 25974K, capacity 179921K, committed 180028K, reserved 1048576K
}
Event: 267.050 GC heap before
{Heap before GC invocations=123 (full 10):
 PSYoungGen      total 3124224K, used 690000K [0x00000006c6000000, 0x00000007c0000000, 0x00000007c0000000)
  eden space 2147328K, 2% used [0x00000006c6000000,0x00000006c9d5d930,0x0000000749100000)
  from space 976896K, 64% used [0x0000000784600000,0x00000007aaa76750,0x00000007c0000000)
  to   space 971776K, 0% used [0x0000000749100000,0x0000000749100000,0x0000000784600000)
 ParOldGen       total 2923008K, used 2222871K [0x00000004d2000000, 0x0000000584680000, 0x00000006c6000000)
  object space 2923008K, 76% used [0x00000004d2000000,0x0000000559ac5f30,0x0000000584680000)
 Metaspace       used 78752K, capacity 241004K, committed 241248K, reserved 1110016K
  class space    used 26015K, capacity 180261K, committed 180360K, reserved 1048576K
Event: 267.387 GC heap after
Heap after GC invocations=123 (full 10):
 PSYoungGen      total 2665472K, used 517671K [0x00000006c6000000, 0x00000007ba800000, 0x00000007c0000000)
  eden space 2147328K, 0% used [0x00000006c6000000,0x00000006c6000000,0x0000000749100000)
  from space 518144K, 99% used [0x0000000749100000,0x0000000768a89f30,0x0000000768b00000)
  to   space 929280K, 0% used [0x0000000781c80000,0x0000000781c80000,0x00000007ba800000)
 ParOldGen       total 2923008K, used 2332670K [0x00000004d2000000, 0x0000000584680000, 0x00000006c6000000)
  object space 2923008K, 79% used [0x00000004d2000000,0x00000005605ff8a0,0x0000000584680000)
 Metaspace       used 78752K, capacity 241004K, committed 241248K, reserved 1110016K
  class space    used 26015K, capacity 180261K, committed 180360K, reserved 1048576K
}
Event: 267.439 GC heap before
{Heap before GC invocations=124 (full 10):
 PSYoungGen      total 2665472K, used 561393K [0x00000006c6000000, 0x00000007ba800000, 0x00000007c0000000)
  eden space 2147328K, 2% used [0x00000006c6000000,0x00000006c8ab2578,0x0000000749100000)
  from space 518144K, 99% used [0x0000000749100000,0x0000000768a89f30,0x0000000768b00000)
  to   space 929280K, 0% used [0x0000000781c80000,0x0000000781c80000,0x00000007ba800000)
 ParOldGen       total 2923008K, used 2332670K [0x00000004d2000000, 0x0000000584680000, 0x00000006c6000000)
  object space 2923008K, 79% used [0x00000004d2000000,0x00000005605ff8a0,0x0000000584680000)
 Metaspace       used 78806K, capacity 241314K, committed 241452K, reserved 1110016K
  class space    used 26047K, capacity 180535K, committed 180564K, reserved 1048576K
Event: 267.724 GC heap after
Heap after GC invocations=124 (full 10):
 PSYoungGen      total 3096064K, used 405190K [0x00000006c6000000, 0x00000007c0000000, 0x00000007c0000000)
  eden space 2166784K, 0% used [0x00000006c6000000,0x00000006c6000000,0x000000074a400000)
  from space 929280K, 43% used [0x0000000781c80000,0x000000079a8318e0,0x00000007ba800000)
  to   space 909824K, 0% used [0x000000074a400000,0x000000074a400000,0x0000000781c80000)
 ParOldGen       total 2923008K, used 2444668K [0x00000004d2000000, 0x0000000584680000, 0x00000006c6000000)
  object space 2923008K, 83% used [0x00000004d2000000,0x000000056735f250,0x0000000584680000)
 Metaspace       used 78806K, capacity 241314K, committed 241452K, reserved 1110016K
  class space    used 26047K, capacity 180535K, committed 180564K, reserved 1048576K
}
Event: 267.724 GC heap before
{Heap before GC invocations=125 (full 11):
 PSYoungGen      total 3096064K, used 405190K [0x00000006c6000000, 0x00000007c0000000, 0x00000007c0000000)
  eden space 2166784K, 0% used [0x00000006c6000000,0x00000006c6000000,0x000000074a400000)
  from space 929280K, 43% used [0x0000000781c80000,0x000000079a8318e0,0x00000007ba800000)
  to   space 909824K, 0% used [0x000000074a400000,0x000000074a400000,0x0000000781c80000)
 ParOldGen       total 2923008K, used 2444668K [0x00000004d2000000, 0x0000000584680000, 0x00000006c6000000)
  object space 2923008K, 83% used [0x00000004d2000000,0x000000056735f250,0x0000000584680000)
 Metaspace       used 78806K, capacity 241314K, committed 241452K, reserved 1110016K
  class space    used 26047K, capacity 180535K, committed 180564K, reserved 1048576K
Event: 270.836 GC heap after
Heap after GC invocations=125 (full 11):
 PSYoungGen      total 3096064K, used 0K [0x00000006c6000000, 0x00000007c0000000, 0x00000007c0000000)
  eden space 2166784K, 0% used [0x00000006c6000000,0x00000006c6000000,0x000000074a400000)
  from space 929280K, 0% used [0x0000000781c80000,0x0000000781c80000,0x00000007ba800000)
  to   space 909824K, 0% used [0x000000074a400000,0x000000074a400000,0x0000000781c80000)
 ParOldGen       total 2965504K, used 2204503K [0x00000004d2000000, 0x0000000587000000, 0x00000006c6000000)
  object space 2965504K, 74% used [0x00000004d2000000,0x00000005588d5f78,0x0000000587000000)
 Metaspace       used 46234K, capacity 53000K, committed 231212K, reserved 1099776K
  class space    used 5955K, capacity 12063K, committed 180564K, reserved 1048576K
}

